[2026-04-17T04:28:02Z] memory backup daemon starting (interval=600s)
[2026-04-17T04:28:02Z] running MEMORY.md backup
Backed up MEMORY.md to:
- /home/node/.openclaw/workspace/memory/backups/MEMORY.latest.md
- /home/node/.openclaw/workspace/memory/backups/MEMORY-2026-04-17.md
[2026-04-17T04:38:04Z] running MEMORY.md backup
Backed up MEMORY.md to:
- /home/node/.openclaw/workspace/memory/backups/MEMORY.latest.md
- /home/node/.openclaw/workspace/memory/backups/MEMORY-2026-04-17.md
[2026-04-17T04:48:06Z] running MEMORY.md backup
Backed up MEMORY.md to:
- /home/node/.openclaw/workspace/memory/backups/MEMORY.latest.md
- /home/node/.openclaw/workspace/memory/backups/MEMORY-2026-04-17.md
[2026-04-17T04:58:07Z] running MEMORY.md backup
Backed up MEMORY.md to:
- /home/node/.openclaw/workspace/memory/backups/MEMORY.latest.md
- /home/node/.openclaw/workspace/memory/backups/MEMORY-2026-04-17.md
[2026-04-17T05:08:09Z] running MEMORY.md backup
Backed up MEMORY.md to:
- /home/node/.openclaw/workspace/memory/backups/MEMORY.latest.md
- /home/node/.openclaw/workspace/memory/backups/MEMORY-2026-04-17.md
[2026-04-17T05:18:11Z] running MEMORY.md backup
Backed up MEMORY.md to:
- /home/node/.openclaw/workspace/memory/backups/MEMORY.latest.md
- /home/node/.openclaw/workspace/memory/backups/MEMORY-2026-04-17.md
[2026-04-17T05:28:13Z] running MEMORY.md backup
Backed up MEMORY.md to:
- /home/node/.openclaw/workspace/memory/backups/MEMORY.latest.md
- /home/node/.openclaw/workspace/memory/backups/MEMORY-2026-04-17.md
[2026-04-17T05:38:16Z] running MEMORY.md backup
Backed up MEMORY.md to:
- /home/node/.openclaw/workspace/memory/backups/MEMORY.latest.md
- /home/node/.openclaw/workspace/memory/backups/MEMORY-2026-04-17.md
[2026-04-17T05:48:18Z] running MEMORY.md backup
Backed up MEMORY.md to:
- /home/node/.openclaw/workspace/memory/backups/MEMORY.latest.md
- /home/node/.openclaw/workspace/memory/backups/MEMORY-2026-04-17.md
[2026-04-17T05:58:21Z] running MEMORY.md backup
Backed up MEMORY.md to:
- /home/node/.openclaw/workspace/memory/backups/MEMORY.latest.md
- /home/node/.openclaw/workspace/memory/backups/MEMORY-2026-04-17.md
[2026-04-17T06:08:25Z] running MEMORY.md backup
Backed up MEMORY.md to:
- /home/node/.openclaw/workspace/memory/backups/MEMORY.latest.md
- /home/node/.openclaw/workspace/memory/backups/MEMORY-2026-04-17.md
[2026-04-17T06:18:37Z] running MEMORY.md backup
Backed up MEMORY.md to:
- /home/node/.openclaw/workspace/memory/backups/MEMORY.latest.md
- /home/node/.openclaw/workspace/memory/backups/MEMORY-2026-04-17.md
[2026-04-17T06:28:50Z] running MEMORY.md backup
Backed up MEMORY.md to:
- /home/node/.openclaw/workspace/memory/backups/MEMORY.latest.md
- /home/node/.openclaw/workspace/memory/backups/MEMORY-2026-04-17.md
[2026-04-17T06:39:06Z] running MEMORY.md backup
Backed up MEMORY.md to:
- /home/node/.openclaw/workspace/memory/backups/MEMORY.latest.md
- /home/node/.openclaw/workspace/memory/backups/MEMORY-2026-04-17.md
[2026-04-17T06:49:22Z] running MEMORY.md backup
Backed up MEMORY.md to:
- /home/node/.openclaw/workspace/memory/backups/MEMORY.latest.md
- /home/node/.openclaw/workspace/memory/backups/MEMORY-2026-04-17.md
[2026-04-17T06:59:39Z] running MEMORY.md backup
Backed up MEMORY.md to:
- /home/node/.openclaw/workspace/memory/backups/MEMORY.latest.md
- /home/node/.openclaw/workspace/memory/backups/MEMORY-2026-04-17.md
[2026-04-17T07:09:57Z] running MEMORY.md backup
Backed up MEMORY.md to:
- /home/node/.openclaw/workspace/memory/backups/MEMORY.latest.md
- /home/node/.openclaw/workspace/memory/backups/MEMORY-2026-04-17.md
[2026-04-17T07:16:09Z] memory backup daemon starting (interval=600s)
[2026-04-17T07:16:09Z] running MEMORY.md backup
Backed up MEMORY.md to:
- /home/node/.openclaw/workspace/memory/backups/MEMORY.latest.md
- /home/node/.openclaw/workspace/memory/backups/MEMORY-2026-04-17.md
[2026-04-17T07:26:29Z] running MEMORY.md backup
Backed up MEMORY.md to:
- /home/node/.openclaw/workspace/memory/backups/MEMORY.latest.md
- /home/node/.openclaw/workspace/memory/backups/MEMORY-2026-04-17.md
[2026-04-17T07:36:50Z] running MEMORY.md backup
Backed up MEMORY.md to:
- /home/node/.openclaw/workspace/memory/backups/MEMORY.latest.md
- /home/node/.openclaw/workspace/memory/backups/MEMORY-2026-04-17.md
[2026-04-17T07:47:12Z] running MEMORY.md backup
Backed up MEMORY.md to:
- /home/node/.openclaw/workspace/memory/backups/MEMORY.latest.md
- /home/node/.openclaw/workspace/memory/backups/MEMORY-2026-04-17.md
[2026-04-17T07:57:35Z] running MEMORY.md backup
Backed up MEMORY.md to:
- /home/node/.openclaw/workspace/memory/backups/MEMORY.latest.md
- /home/node/.openclaw/workspace/memory/backups/MEMORY-2026-04-17.md
[2026-04-17T08:07:59Z] running MEMORY.md backup
Backed up MEMORY.md to:
- /home/node/.openclaw/workspace/memory/backups/MEMORY.latest.md
- /home/node/.openclaw/workspace/memory/backups/MEMORY-2026-04-17.md
[2026-04-17T08:18:24Z] running MEMORY.md backup
Backed up MEMORY.md to:
- /home/node/.openclaw/workspace/memory/backups/MEMORY.latest.md
- /home/node/.openclaw/workspace/memory/backups/MEMORY-2026-04-17.md
